<?xml version="1.0" encoding="UTF-8"?>
<robot generator="Robot 7.2.2 (Python 3.13.1 on win32)" generated="2025-05-08T12:44:41.040459" rpa="false" schemaversion="5">
<suite id="s1" name="Tests" source="C:\Users\attek\NuFlow\NuFlow_projekti\tests">
<suite id="s1-s1" name="Login Logout Testi" source="C:\Users\attek\NuFlow\NuFlow_projekti\tests\login_logout_testi.robot">
<test id="s1-s1-t1" name="Test Login Flow" line="7">
<kw name="New Browser" owner="Browser">
<msg time="2025-05-08T12:44:41.861359" level="INFO">{"browser": "chromium", "headless": false, "chromiumSandbox": false, "devtools": false, "handleSIGHUP": true, "handleSIGINT": true, "handleSIGTERM": true, "slowMo": 0.0, "timeout": 30000.0, "tracesDir": "C:\\Users\\attek\\NuFlow\\NuFlow_projekti\\outputs\\browser\\traces\\temp\\f4de9eab-1b3b-4a09-bff4-c243bbb0df26"}</msg>
<msg time="2025-05-08T12:44:41.914686" level="INFO">Starting Browser process C:\Users\attek\NuFlow\NuFlow_projekti\.venv\Lib\site-packages\Browser\wrapper\index.js using at 127.0.0.1:56283</msg>
<msg time="2025-05-08T12:44:44.135201" level="INFO">Successfully created browser with options: {"browser":"chromium","headless":false,"chromiumSandbox":false,"devtools":false,"handleSIGHUP":true,"handleSIGINT":true,"handleSIGTERM":true,"slowMo":0,"timeout":30000,"tracesDir":"C:\\Users\\attek\\NuFlow\\NuFlow_projekti\\outputs\\browser\\traces\\temp\\f4de9eab-1b3b-4a09-bff4-c243bbb0df26"}</msg>
<arg>chromium</arg>
<arg>headless=No</arg>
<tag>BrowserControl</tag>
<tag>Setter</tag>
<doc>Create a new playwright Browser with specified options.</doc>
<status status="PASS" start="2025-05-08T12:44:41.859568" elapsed="2.276098"/>
</kw>
<kw name="New Page" owner="Browser">
<msg time="2025-05-08T12:44:45.274600" level="INFO">Successfully initialized new page object and opened url: http://localhost:5173</msg>
<msg time="2025-05-08T12:44:45.274719" level="INFO">No context was open. New context was automatically opened when this page is created.</msg>
<arg>${URL}</arg>
<tag>BrowserControl</tag>
<tag>Setter</tag>
<doc>Open a new Page.</doc>
<status status="PASS" start="2025-05-08T12:44:44.142302" elapsed="1.132970"/>
</kw>
<kw name="Click" owner="Browser">
<msg time="2025-05-08T12:44:45.276469" level="INFO">Clicks the element 'id=login-button'.</msg>
<arg>id=login-button</arg>
<tag>PageContent</tag>
<tag>Setter</tag>
<doc>Simulates mouse click on the element found by ``selector``.</doc>
<status status="PASS" start="2025-05-08T12:44:45.275749" elapsed="0.168238"/>
</kw>
<kw name="Type Text" owner="Browser">
<msg time="2025-05-08T12:44:45.445917" level="INFO">Types the text 'elsikubios@gmail.com' in the given field.</msg>
<arg>id=login-username</arg>
<arg>${username}</arg>
<arg>delay=80ms</arg>
<tag>PageContent</tag>
<tag>Setter</tag>
<doc>Types the given ``txt`` into the text field found by ``selector``.</doc>
<status status="PASS" start="2025-05-08T12:44:45.444472" elapsed="1.900854"/>
</kw>
<kw name="Type Text" owner="Browser">
<msg time="2025-05-08T12:44:47.347430" level="INFO">Types the text '750GmuduMdLX' in the given field.</msg>
<arg>id=login-password</arg>
<arg>${password}</arg>
<arg>delay=80ms</arg>
<tag>PageContent</tag>
<tag>Setter</tag>
<doc>Types the given ``txt`` into the text field found by ``selector``.</doc>
<status status="PASS" start="2025-05-08T12:44:47.346105" elapsed="1.157777"/>
</kw>
<kw name="Click" owner="Browser">
<msg time="2025-05-08T12:44:48.505611" level="INFO">Clicks the element 'css=form#login-form button[class="form-button"]'.</msg>
<arg>css=form#login-form button[class="form-button"]</arg>
<tag>PageContent</tag>
<tag>Setter</tag>
<doc>Simulates mouse click on the element found by ``selector``.</doc>
<status status="PASS" start="2025-05-08T12:44:48.504554" elapsed="0.072338"/>
</kw>
<status status="PASS" start="2025-05-08T12:44:41.857421" elapsed="6.720210"/>
</test>
<test id="s1-s1-t2" name="Test Logout Flow" line="18">
<kw name="Wait For Elements State" owner="Browser">
<msg time="2025-05-08T12:44:51.097256" level="INFO">Waited for Element with selector id=logoutButton at state visible</msg>
<arg>id=logoutButton</arg>
<arg>visible</arg>
<arg>timeout=3s</arg>
<tag>PageContent</tag>
<tag>Wait</tag>
<doc>Waits for the element found by ``selector`` to satisfy state option.</doc>
<status status="PASS" start="2025-05-08T12:44:48.587033" elapsed="2.510642"/>
</kw>
<kw name="Click" owner="Browser">
<msg time="2025-05-08T12:44:51.099941" level="INFO">Clicks the element 'id=logoutButton'.</msg>
<arg>id=logoutButton</arg>
<tag>PageContent</tag>
<tag>Setter</tag>
<doc>Simulates mouse click on the element found by ``selector``.</doc>
<status status="PASS" start="2025-05-08T12:44:51.098476" elapsed="0.068640"/>
</kw>
<kw name="Wait For Elements State" owner="Browser">
<msg time="2025-05-08T12:44:51.184599" level="INFO">Waited for Element with selector id=login-button at state visible</msg>
<arg>id=login-button</arg>
<arg>visible</arg>
<arg>timeout=3s</arg>
<tag>PageContent</tag>
<tag>Wait</tag>
<doc>Waits for the element found by ``selector`` to satisfy state option.</doc>
<status status="PASS" start="2025-05-08T12:44:51.167851" elapsed="0.017587"/>
</kw>
<kw name="Sleep" owner="BuiltIn">
<msg time="2025-05-08T12:44:53.189616" level="INFO">Slept 2 seconds.</msg>
<arg>2s</arg>
<doc>Pauses the test executed for the given time.</doc>
<status status="PASS" start="2025-05-08T12:44:51.187457" elapsed="2.002585"/>
</kw>
<kw name="Close Browser" owner="Browser">
<msg time="2025-05-08T12:44:53.729219" level="INFO">Closed browser</msg>
<tag>BrowserControl</tag>
<tag>Setter</tag>
<doc>Closes the current browser.</doc>
<status status="PASS" start="2025-05-08T12:44:53.190752" elapsed="0.538864"/>
</kw>
<status status="PASS" start="2025-05-08T12:44:48.585848" elapsed="5.144448"/>
</test>
<status status="PASS" start="2025-05-08T12:44:41.107744" elapsed="12.697666"/>
</suite>
<status status="PASS" start="2025-05-08T12:44:41.044651" elapsed="12.828291"/>
</suite>
<statistics>
<total>
<stat pass="2" fail="0" skip="0">All Tests</stat>
</total>
<tag>
</tag>
<suite>
<stat name="Tests" id="s1" pass="2" fail="0" skip="0">Tests</stat>
<stat name="Login Logout Testi" id="s1-s1" pass="2" fail="0" skip="0">Tests.Login Logout Testi</stat>
</suite>
</statistics>
<errors>
</errors>
</robot>
